<?xml version="1.0" encoding="UTF-8"?>
<testsuite xmlns:xsi="http://www.w3.org/2001/XMLSchema-instance" xsi:noNamespaceSchemaLocation="https://maven.apache.org/surefire/maven-surefire-plugin/xsd/surefire-test-report-3.0.xsd" version="3.0" name="Funucionalidad.PersonaSSTest" time="1.29" tests="4" errors="0" skipped="0" failures="0">
  <properties>
    <property name="java.specification.version" value="21"/>
    <property name="sun.cpu.isalist" value="amd64"/>
    <property name="sun.jnu.encoding" value="Cp1252"/>
    <property name="java.class.path" value="C:\Users\tacot\Documents\GitHub\Prubas-Software-Proyecto\PersonaSS\target\test-classes;C:\Users\tacot\Documents\GitHub\Prubas-Software-Proyecto\PersonaSS\target\classes;C:\Users\tacot\.m2\repository\com\mycompany\BankoNegocio\1.0-SNAPSHOT\BankoNegocio-1.0-SNAPSHOT.jar;C:\Users\tacot\.m2\repository\com\mycompany\BankoDTOs\1.0-SNAPSHOT\BankoDTOs-1.0-SNAPSHOT.jar;C:\Users\tacot\.m2\repository\org\mongodb\mongo-java-driver\3.10.1\mongo-java-driver-3.10.1.jar;C:\Users\tacot\.m2\repository\com\mycompany\BankoPersistencia\1.0-SNAPSHOT\BankoPersistencia-1.0-SNAPSHOT.jar;C:\Users\tacot\.m2\repository\com\itextpdf\itext-pdfa\5.5.13.3\itext-pdfa-5.5.13.3.jar;C:\Users\tacot\.m2\repository\com\itextpdf\itextpdf\5.5.13.1\itextpdf-5.5.13.1.jar;C:\Users\tacot\.m2\repository\org\eclipse\persistence\org.eclipse.persistence.core\2.7.12\org.eclipse.persistence.core-2.7.12.jar;C:\Users\tacot\.m2\repository\org\eclipse\persistence\org.eclipse.persistence.asm\9.4.0\org.eclipse.persistence.asm-9.4.0.jar;C:\Users\tacot\.m2\repository\org\eclipse\persistence\org.eclipse.persistence.antlr\2.7.12\org.eclipse.persistence.antlr-2.7.12.jar;C:\Users\tacot\.m2\repository\org\eclipse\persistence\org.eclipse.persistence.jpa\2.7.12\org.eclipse.persistence.jpa-2.7.12.jar;C:\Users\tacot\.m2\repository\org\eclipse\persistence\org.eclipse.persistence.jpa.jpql\2.7.12\org.eclipse.persistence.jpa.jpql-2.7.12.jar;C:\Users\tacot\.m2\repository\org\eclipse\persistence\org.eclipse.persistence.moxy\2.7.12\org.eclipse.persistence.moxy-2.7.12.jar;C:\Users\tacot\.m2\repository\org\eclipse\persistence\jakarta.persistence\2.2.3\jakarta.persistence-2.2.3.jar;C:\Users\tacot\.m2\repository\org\mongodb\mongodb-driver-sync\4.0.1\mongodb-driver-sync-4.0.1.jar;C:\Users\tacot\.m2\repository\org\mongodb\bson\4.0.1\bson-4.0.1.jar;C:\Users\tacot\.m2\repository\org\mongodb\mongodb-driver-core\4.0.1\mongodb-driver-core-4.0.1.jar;C:\Users\tacot\.m2\repository\org\junit\jupiter\junit-jupiter-api\5.10.3\junit-jupiter-api-5.10.3.jar;C:\Users\tacot\.m2\repository\org\opentest4j\opentest4j\1.3.0\opentest4j-1.3.0.jar;C:\Users\tacot\.m2\repository\org\junit\platform\junit-platform-commons\1.10.3\junit-platform-commons-1.10.3.jar;C:\Users\tacot\.m2\repository\org\apiguardian\apiguardian-api\1.1.2\apiguardian-api-1.1.2.jar;C:\Users\tacot\.m2\repository\org\junit\jupiter\junit-jupiter-params\5.10.3\junit-jupiter-params-5.10.3.jar;C:\Users\tacot\.m2\repository\org\junit\jupiter\junit-jupiter-engine\5.10.3\junit-jupiter-engine-5.10.3.jar;C:\Users\tacot\.m2\repository\org\junit\platform\junit-platform-engine\1.10.3\junit-platform-engine-1.10.3.jar;C:\Users\tacot\.m2\repository\org\mockito\mockito-core\5.4.0\mockito-core-5.4.0.jar;C:\Users\tacot\.m2\repository\net\bytebuddy\byte-buddy\1.14.5\byte-buddy-1.14.5.jar;C:\Users\tacot\.m2\repository\net\bytebuddy\byte-buddy-agent\1.14.5\byte-buddy-agent-1.14.5.jar;C:\Users\tacot\.m2\repository\org\objenesis\objenesis\3.3\objenesis-3.3.jar;"/>
    <property name="java.vm.vendor" value="Oracle Corporation"/>
    <property name="sun.arch.data.model" value="64"/>
    <property name="user.variant" value=""/>
    <property name="java.vendor.url" value="https://java.oracle.com/"/>
    <property name="user.timezone" value="America/Hermosillo"/>
    <property name="os.name" value="Windows 11"/>
    <property name="java.vm.specification.version" value="21"/>
    <property name="user.country" value="MX"/>
    <property name="sun.java.launcher" value="SUN_STANDARD"/>
    <property name="sun.boot.library.path" value="C:\Program Files\Java\jdk-21\bin"/>
    <property name="sun.java.command" value="C:\Users\tacot\AppData\Local\Temp\surefire9931884827506361611\surefirebooter-20241110200902628_3.jar C:\Users\tacot\AppData\Local\Temp\surefire9931884827506361611 2024-11-10T20-09-02_546-jvmRun1 surefire-20241110200902628_1tmp surefire_0-20241110200902628_2tmp"/>
    <property name="jdk.debug" value="release"/>
    <property name="test" value="Funucionalidad.PersonaSSTest"/>
    <property name="surefire.test.class.path" value="C:\Users\tacot\Documents\GitHub\Prubas-Software-Proyecto\PersonaSS\target\test-classes;C:\Users\tacot\Documents\GitHub\Prubas-Software-Proyecto\PersonaSS\target\classes;C:\Users\tacot\.m2\repository\com\mycompany\BankoNegocio\1.0-SNAPSHOT\BankoNegocio-1.0-SNAPSHOT.jar;C:\Users\tacot\.m2\repository\com\mycompany\BankoDTOs\1.0-SNAPSHOT\BankoDTOs-1.0-SNAPSHOT.jar;C:\Users\tacot\.m2\repository\org\mongodb\mongo-java-driver\3.10.1\mongo-java-driver-3.10.1.jar;C:\Users\tacot\.m2\repository\com\mycompany\BankoPersistencia\1.0-SNAPSHOT\BankoPersistencia-1.0-SNAPSHOT.jar;C:\Users\tacot\.m2\repository\com\itextpdf\itext-pdfa\5.5.13.3\itext-pdfa-5.5.13.3.jar;C:\Users\tacot\.m2\repository\com\itextpdf\itextpdf\5.5.13.1\itextpdf-5.5.13.1.jar;C:\Users\tacot\.m2\repository\org\eclipse\persistence\org.eclipse.persistence.core\2.7.12\org.eclipse.persistence.core-2.7.12.jar;C:\Users\tacot\.m2\repository\org\eclipse\persistence\org.eclipse.persistence.asm\9.4.0\org.eclipse.persistence.asm-9.4.0.jar;C:\Users\tacot\.m2\repository\org\eclipse\persistence\org.eclipse.persistence.antlr\2.7.12\org.eclipse.persistence.antlr-2.7.12.jar;C:\Users\tacot\.m2\repository\org\eclipse\persistence\org.eclipse.persistence.jpa\2.7.12\org.eclipse.persistence.jpa-2.7.12.jar;C:\Users\tacot\.m2\repository\org\eclipse\persistence\org.eclipse.persistence.jpa.jpql\2.7.12\org.eclipse.persistence.jpa.jpql-2.7.12.jar;C:\Users\tacot\.m2\repository\org\eclipse\persistence\org.eclipse.persistence.moxy\2.7.12\org.eclipse.persistence.moxy-2.7.12.jar;C:\Users\tacot\.m2\repository\org\eclipse\persistence\jakarta.persistence\2.2.3\jakarta.persistence-2.2.3.jar;C:\Users\tacot\.m2\repository\org\mongodb\mongodb-driver-sync\4.0.1\mongodb-driver-sync-4.0.1.jar;C:\Users\tacot\.m2\repository\org\mongodb\bson\4.0.1\bson-4.0.1.jar;C:\Users\tacot\.m2\repository\org\mongodb\mongodb-driver-core\4.0.1\mongodb-driver-core-4.0.1.jar;C:\Users\tacot\.m2\repository\org\junit\jupiter\junit-jupiter-api\5.10.3\junit-jupiter-api-5.10.3.jar;C:\Users\tacot\.m2\repository\org\opentest4j\opentest4j\1.3.0\opentest4j-1.3.0.jar;C:\Users\tacot\.m2\repository\org\junit\platform\junit-platform-commons\1.10.3\junit-platform-commons-1.10.3.jar;C:\Users\tacot\.m2\repository\org\apiguardian\apiguardian-api\1.1.2\apiguardian-api-1.1.2.jar;C:\Users\tacot\.m2\repository\org\junit\jupiter\junit-jupiter-params\5.10.3\junit-jupiter-params-5.10.3.jar;C:\Users\tacot\.m2\repository\org\junit\jupiter\junit-jupiter-engine\5.10.3\junit-jupiter-engine-5.10.3.jar;C:\Users\tacot\.m2\repository\org\junit\platform\junit-platform-engine\1.10.3\junit-platform-engine-1.10.3.jar;C:\Users\tacot\.m2\repository\org\mockito\mockito-core\5.4.0\mockito-core-5.4.0.jar;C:\Users\tacot\.m2\repository\net\bytebuddy\byte-buddy\1.14.5\byte-buddy-1.14.5.jar;C:\Users\tacot\.m2\repository\net\bytebuddy\byte-buddy-agent\1.14.5\byte-buddy-agent-1.14.5.jar;C:\Users\tacot\.m2\repository\org\objenesis\objenesis\3.3\objenesis-3.3.jar;"/>
    <property name="sun.cpu.endian" value="little"/>
    <property name="user.home" value="C:\Users\tacot"/>
    <property name="user.language" value="es"/>
    <property name="java.specification.vendor" value="Oracle Corporation"/>
    <property name="java.version.date" value="2024-07-16"/>
    <property name="java.home" value="C:\Program Files\Java\jdk-21"/>
    <property name="file.separator" value="\"/>
    <property name="basedir" value="C:\Users\tacot\Documents\GitHub\Prubas-Software-Proyecto\PersonaSS"/>
    <property name="java.vm.compressedOopsMode" value="Zero based"/>
    <property name="line.separator" value="&#10;"/>
    <property name="java.vm.specification.vendor" value="Oracle Corporation"/>
    <property name="java.specification.name" value="Java Platform API Specification"/>
    <property name="surefire.real.class.path" value="C:\Users\tacot\AppData\Local\Temp\surefire9931884827506361611\surefirebooter-20241110200902628_3.jar"/>
    <property name="user.script" value=""/>
    <property name="sun.management.compiler" value="HotSpot 64-Bit Tiered Compilers"/>
    <property name="java.runtime.version" value="21.0.4+8-LTS-274"/>
    <property name="user.name" value="tacot"/>
    <property name="stdout.encoding" value="Cp1252"/>
    <property name="path.separator" value=";"/>
    <property name="os.version" value="10.0"/>
    <property name="java.runtime.name" value="Java(TM) SE Runtime Environment"/>
    <property name="file.encoding" value="UTF-8"/>
    <property name="java.vm.name" value="Java HotSpot(TM) 64-Bit Server VM"/>
    <property name="maven.ext.class.path" value="C:\Program Files\NetBeans-23\netbeans\java\maven-nblib\netbeans-eventspy.jar"/>
    <property name="localRepository" value="C:\Users\tacot\.m2\repository"/>
    <property name="java.vendor.url.bug" value="https://bugreport.java.com/bugreport/"/>
    <property name="java.io.tmpdir" value="C:\Users\tacot\AppData\Local\Temp\"/>
    <property name="java.version" value="21.0.4"/>
    <property name="user.dir" value="C:\Users\tacot\Documents\GitHub\Prubas-Software-Proyecto\PersonaSS"/>
    <property name="os.arch" value="amd64"/>
    <property name="java.vm.specification.name" value="Java Virtual Machine Specification"/>
    <property name="sun.os.patch.level" value=""/>
    <property name="native.encoding" value="Cp1252"/>
    <property name="java.library.path" value="C:\Program Files\Java\jdk-21\bin;C:\Windows\Sun\Java\bin;C:\Windows\system32;C:\Windows;C:\Program Files\Common Files\Oracle\Java\javapath;C:\Windows\system32;C:\Windows;C:\Windows\System32\Wbem;C:\Windows\System32\WindowsPowerShell\v1.0\;C:\Windows\System32\OpenSSH\;C:\Users\tacot\AppData\Local\Microsoft\WindowsApps;C:\Users\tacot\AppData\Local\Programs\Microsoft VS Code\bin;C:\Users\tacot\AppData\Local\GitHubDesktop\bin;."/>
    <property name="java.vm.info" value="mixed mode, sharing"/>
    <property name="stderr.encoding" value="Cp1252"/>
    <property name="java.vendor" value="Oracle Corporation"/>
    <property name="java.vm.version" value="21.0.4+8-LTS-274"/>
    <property name="sun.io.unicode.encoding" value="UnicodeLittle"/>
    <property name="java.class.version" value="65.0"/>
  </properties>
  <testcase name="testRegistrarPersona" classname="Funucionalidad.PersonaSSTest" time="0.956">
    <system-err><![CDATA[WARNING: A Java agent has been loaded dynamically (C:\Users\tacot\.m2\repository\net\bytebuddy\byte-buddy-agent\1.14.5\byte-buddy-agent-1.14.5.jar)
WARNING: If a serviceability tool is in use, please run with -XX:+EnableDynamicAgentLoading to hide this warning
WARNING: If a serviceability tool is not in use, please run with -Djdk.instrument.traceUsage for more information
WARNING: Dynamic loading of agents will be disallowed by default in a future release
nov 10, 2024 8:09:03 P. M. com.mongodb.diagnostics.logging.JULLogger log
INFO: Cluster created with settings {hosts=[localhost:27017], mode=SINGLE, requiredClusterType=UNKNOWN, serverSelectionTimeout='30000 ms', maxWaitQueueSize=500}
]]></system-err>
  </testcase>
  <testcase name="testInsertMasivo" classname="Funucionalidad.PersonaSSTest" time="0.11">
    <system-err><![CDATA[nov 10, 2024 8:09:04 P. M. com.mongodb.diagnostics.logging.JULLogger log
INFO: Opened connection [connectionId{localValue:1}] to localhost:27017
nov 10, 2024 8:09:04 P. M. com.mongodb.diagnostics.logging.JULLogger log
INFO: Monitor thread successfully connected to server with description ServerDescription{address=localhost:27017, type=STANDALONE, state=CONNECTED, ok=true, version=ServerVersion{versionList=[8, 0, 0]}, minWireVersion=0, maxWireVersion=25, maxDocumentSize=16777216, logicalSessionTimeoutMinutes=30, roundTripTimeNanos=2252900}
]]></system-err>
  </testcase>
  <testcase name="testPersonaRegistrada" classname="Funucionalidad.PersonaSSTest" time="0.098"/>
  <testcase name="testObtenerPersonaDTOPorCurp" classname="Funucionalidad.PersonaSSTest" time="0.1"/>
</testsuite>