<?xml version="1.0" encoding="UTF-8"?>
<testsuite xmlns:xsi="http://www.w3.org/2001/XMLSchema-instance" xsi:noNamespaceSchemaLocation="https://maven.apache.org/surefire/maven-surefire-plugin/xsd/surefire-test-report-3.0.xsd" version="3.0" name="DAOS.TransferenciaDAOTest" time="1.631" tests="1" errors="0" skipped="0" failures="0">
  <properties>
    <property name="java.specification.version" value="21"/>
    <property name="sun.cpu.isalist" value="amd64"/>
    <property name="sun.jnu.encoding" value="Cp1252"/>
    <property name="java.class.path" value="C:\Users\Dell\Documents\GitHub\Prubas-Software-Proyecto\BankoPersistencia\target\test-classes;C:\Users\Dell\Documents\GitHub\Prubas-Software-Proyecto\BankoPersistencia\target\classes;C:\Users\Dell\.m2\repository\com\itextpdf\itext-pdfa\5.5.13.3\itext-pdfa-5.5.13.3.jar;C:\Users\Dell\.m2\repository\com\itextpdf\itextpdf\5.5.13.1\itextpdf-5.5.13.1.jar;C:\Users\Dell\.m2\repository\org\eclipse\persistence\org.eclipse.persistence.core\2.7.12\org.eclipse.persistence.core-2.7.12.jar;C:\Users\Dell\.m2\repository\org\eclipse\persistence\org.eclipse.persistence.asm\9.4.0\org.eclipse.persistence.asm-9.4.0.jar;C:\Users\Dell\.m2\repository\org\eclipse\persistence\org.eclipse.persistence.antlr\2.7.12\org.eclipse.persistence.antlr-2.7.12.jar;C:\Users\Dell\.m2\repository\org\eclipse\persistence\org.eclipse.persistence.jpa\2.7.12\org.eclipse.persistence.jpa-2.7.12.jar;C:\Users\Dell\.m2\repository\org\eclipse\persistence\org.eclipse.persistence.jpa.jpql\2.7.12\org.eclipse.persistence.jpa.jpql-2.7.12.jar;C:\Users\Dell\.m2\repository\org\eclipse\persistence\org.eclipse.persistence.moxy\2.7.12\org.eclipse.persistence.moxy-2.7.12.jar;C:\Users\Dell\.m2\repository\org\eclipse\persistence\jakarta.persistence\2.2.3\jakarta.persistence-2.2.3.jar;C:\Users\Dell\.m2\repository\org\eclipse\persistence\org.eclipse.persistence.jpa.modelgen.processor\2.7.12\org.eclipse.persistence.jpa.modelgen.processor-2.7.12.jar;C:\Users\Dell\.m2\repository\org\mongodb\mongodb-driver-sync\4.0.1\mongodb-driver-sync-4.0.1.jar;C:\Users\Dell\.m2\repository\org\mongodb\bson\4.0.1\bson-4.0.1.jar;C:\Users\Dell\.m2\repository\org\mongodb\mongodb-driver-core\4.0.1\mongodb-driver-core-4.0.1.jar;C:\Users\Dell\.m2\repository\org\junit\jupiter\junit-jupiter-api\5.6.0\junit-jupiter-api-5.6.0.jar;C:\Users\Dell\.m2\repository\org\apiguardian\apiguardian-api\1.1.0\apiguardian-api-1.1.0.jar;C:\Users\Dell\.m2\repository\org\opentest4j\opentest4j\1.2.0\opentest4j-1.2.0.jar;C:\Users\Dell\.m2\repository\org\junit\platform\junit-platform-commons\1.6.0\junit-platform-commons-1.6.0.jar;C:\Users\Dell\.m2\repository\org\junit\jupiter\junit-jupiter-params\5.6.0\junit-jupiter-params-5.6.0.jar;C:\Users\Dell\.m2\repository\org\junit\jupiter\junit-jupiter-engine\5.6.0\junit-jupiter-engine-5.6.0.jar;C:\Users\Dell\.m2\repository\org\junit\platform\junit-platform-engine\1.6.0\junit-platform-engine-1.6.0.jar;C:\Users\Dell\.m2\repository\org\mockito\mockito-core\5.14.2\mockito-core-5.14.2.jar;C:\Users\Dell\.m2\repository\net\bytebuddy\byte-buddy\1.15.4\byte-buddy-1.15.4.jar;C:\Users\Dell\.m2\repository\net\bytebuddy\byte-buddy-agent\1.15.4\byte-buddy-agent-1.15.4.jar;C:\Users\Dell\.m2\repository\org\objenesis\objenesis\3.3\objenesis-3.3.jar;"/>
    <property name="java.vm.vendor" value="Oracle Corporation"/>
    <property name="sun.arch.data.model" value="64"/>
    <property name="user.variant" value=""/>
    <property name="java.vendor.url" value="https://java.oracle.com/"/>
    <property name="user.timezone" value="America/Hermosillo"/>
    <property name="os.name" value="Windows 11"/>
    <property name="java.vm.specification.version" value="21"/>
    <property name="user.country" value="MX"/>
    <property name="sun.java.launcher" value="SUN_STANDARD"/>
    <property name="sun.boot.library.path" value="C:\Program Files\Java\jdk-21\bin"/>
    <property name="sun.java.command" value="C:\Users\Dell\AppData\Local\Temp\surefire8388053169083408903\surefirebooter-20241109223640625_3.jar C:\Users\Dell\AppData\Local\Temp\surefire8388053169083408903 2024-11-09T22-36-40_499-jvmRun1 surefire-20241109223640625_1tmp surefire_0-20241109223640625_2tmp"/>
    <property name="jdk.debug" value="release"/>
    <property name="test" value="DAOS.TransferenciaDAOTest#testRealizarTransferencia_Boolean_ReturnSuccess"/>
    <property name="surefire.test.class.path" value="C:\Users\Dell\Documents\GitHub\Prubas-Software-Proyecto\BankoPersistencia\target\test-classes;C:\Users\Dell\Documents\GitHub\Prubas-Software-Proyecto\BankoPersistencia\target\classes;C:\Users\Dell\.m2\repository\com\itextpdf\itext-pdfa\5.5.13.3\itext-pdfa-5.5.13.3.jar;C:\Users\Dell\.m2\repository\com\itextpdf\itextpdf\5.5.13.1\itextpdf-5.5.13.1.jar;C:\Users\Dell\.m2\repository\org\eclipse\persistence\org.eclipse.persistence.core\2.7.12\org.eclipse.persistence.core-2.7.12.jar;C:\Users\Dell\.m2\repository\org\eclipse\persistence\org.eclipse.persistence.asm\9.4.0\org.eclipse.persistence.asm-9.4.0.jar;C:\Users\Dell\.m2\repository\org\eclipse\persistence\org.eclipse.persistence.antlr\2.7.12\org.eclipse.persistence.antlr-2.7.12.jar;C:\Users\Dell\.m2\repository\org\eclipse\persistence\org.eclipse.persistence.jpa\2.7.12\org.eclipse.persistence.jpa-2.7.12.jar;C:\Users\Dell\.m2\repository\org\eclipse\persistence\org.eclipse.persistence.jpa.jpql\2.7.12\org.eclipse.persistence.jpa.jpql-2.7.12.jar;C:\Users\Dell\.m2\repository\org\eclipse\persistence\org.eclipse.persistence.moxy\2.7.12\org.eclipse.persistence.moxy-2.7.12.jar;C:\Users\Dell\.m2\repository\org\eclipse\persistence\jakarta.persistence\2.2.3\jakarta.persistence-2.2.3.jar;C:\Users\Dell\.m2\repository\org\eclipse\persistence\org.eclipse.persistence.jpa.modelgen.processor\2.7.12\org.eclipse.persistence.jpa.modelgen.processor-2.7.12.jar;C:\Users\Dell\.m2\repository\org\mongodb\mongodb-driver-sync\4.0.1\mongodb-driver-sync-4.0.1.jar;C:\Users\Dell\.m2\repository\org\mongodb\bson\4.0.1\bson-4.0.1.jar;C:\Users\Dell\.m2\repository\org\mongodb\mongodb-driver-core\4.0.1\mongodb-driver-core-4.0.1.jar;C:\Users\Dell\.m2\repository\org\junit\jupiter\junit-jupiter-api\5.6.0\junit-jupiter-api-5.6.0.jar;C:\Users\Dell\.m2\repository\org\apiguardian\apiguardian-api\1.1.0\apiguardian-api-1.1.0.jar;C:\Users\Dell\.m2\repository\org\opentest4j\opentest4j\1.2.0\opentest4j-1.2.0.jar;C:\Users\Dell\.m2\repository\org\junit\platform\junit-platform-commons\1.6.0\junit-platform-commons-1.6.0.jar;C:\Users\Dell\.m2\repository\org\junit\jupiter\junit-jupiter-params\5.6.0\junit-jupiter-params-5.6.0.jar;C:\Users\Dell\.m2\repository\org\junit\jupiter\junit-jupiter-engine\5.6.0\junit-jupiter-engine-5.6.0.jar;C:\Users\Dell\.m2\repository\org\junit\platform\junit-platform-engine\1.6.0\junit-platform-engine-1.6.0.jar;C:\Users\Dell\.m2\repository\org\mockito\mockito-core\5.14.2\mockito-core-5.14.2.jar;C:\Users\Dell\.m2\repository\net\bytebuddy\byte-buddy\1.15.4\byte-buddy-1.15.4.jar;C:\Users\Dell\.m2\repository\net\bytebuddy\byte-buddy-agent\1.15.4\byte-buddy-agent-1.15.4.jar;C:\Users\Dell\.m2\repository\org\objenesis\objenesis\3.3\objenesis-3.3.jar;"/>
    <property name="sun.cpu.endian" value="little"/>
    <property name="user.home" value="C:\Users\Dell"/>
    <property name="user.language" value="es"/>
    <property name="java.specification.vendor" value="Oracle Corporation"/>
    <property name="java.version.date" value="2024-01-16"/>
    <property name="java.home" value="C:\Program Files\Java\jdk-21"/>
    <property name="file.separator" value="\"/>
    <property name="basedir" value="C:\Users\Dell\Documents\GitHub\Prubas-Software-Proyecto\BankoPersistencia"/>
    <property name="java.vm.compressedOopsMode" value="Zero based"/>
    <property name="line.separator" value="&#10;"/>
    <property name="java.vm.specification.vendor" value="Oracle Corporation"/>
    <property name="java.specification.name" value="Java Platform API Specification"/>
    <property name="surefire.real.class.path" value="C:\Users\Dell\AppData\Local\Temp\surefire8388053169083408903\surefirebooter-20241109223640625_3.jar"/>
    <property name="user.script" value=""/>
    <property name="sun.management.compiler" value="HotSpot 64-Bit Tiered Compilers"/>
    <property name="java.runtime.version" value="21.0.2+13-LTS-58"/>
    <property name="user.name" value="Dell"/>
    <property name="stdout.encoding" value="Cp1252"/>
    <property name="path.separator" value=";"/>
    <property name="os.version" value="10.0"/>
    <property name="java.runtime.name" value="Java(TM) SE Runtime Environment"/>
    <property name="file.encoding" value="UTF-8"/>
    <property name="java.vm.name" value="Java HotSpot(TM) 64-Bit Server VM"/>
    <property name="maven.ext.class.path" value="C:\Program Files\NetBeans-21\netbeans\java\maven-nblib\netbeans-eventspy.jar"/>
    <property name="localRepository" value="C:\Users\Dell\.m2\repository"/>
    <property name="java.vendor.url.bug" value="https://bugreport.java.com/bugreport/"/>
    <property name="java.io.tmpdir" value="C:\Users\Dell\AppData\Local\Temp\"/>
    <property name="java.version" value="21.0.2"/>
    <property name="user.dir" value="C:\Users\Dell\Documents\GitHub\Prubas-Software-Proyecto\BankoPersistencia"/>
    <property name="os.arch" value="amd64"/>
    <property name="java.vm.specification.name" value="Java Virtual Machine Specification"/>
    <property name="sun.os.patch.level" value=""/>
    <property name="native.encoding" value="Cp1252"/>
    <property name="java.library.path" value="C:\Program Files\Java\jdk-21\bin;C:\Windows\Sun\Java\bin;C:\Windows\system32;C:\Windows;C:\Program Files (x86)\VMware\VMware Player\bin\;C:\Program Files\Common Files\Oracle\Java\javapath;C:\Windows\system32;C:\Windows;C:\Windows\System32\Wbem;C:\Windows\System32\WindowsPowerShell\v1.0\;C:\Windows\System32\OpenSSH\;C:\Program Files (x86)\NVIDIA Corporation\PhysX\Common;C:\Program Files\Microsoft SQL Server\Client SDK\ODBC\170\Tools\Binn\;C:\Program Files (x86)\Microsoft SQL Server\150\Tools\Binn\;C:\Program Files\Microsoft SQL Server\150\Tools\Binn\;C:\Program Files\Microsoft SQL Server\150\DTS\Binn\;C:\Program Files\dotnet\;C:\Program Files\NVIDIA Corporation\NVIDIA NvDLISR;C:\Users\Dell\AppData\Local\Microsoft\WindowsApps;C:\Users\Dell\AppData\Local\GitHubDesktop\bin;C:\Users\Dell\.dotnet\tools;C:\Users\Dell\AppData\Local\Programs\Microsoft VS Code\bin;."/>
    <property name="java.vm.info" value="mixed mode, sharing"/>
    <property name="stderr.encoding" value="Cp1252"/>
    <property name="java.vendor" value="Oracle Corporation"/>
    <property name="java.vm.version" value="21.0.2+13-LTS-58"/>
    <property name="sun.io.unicode.encoding" value="UnicodeLittle"/>
    <property name="java.class.version" value="65.0"/>
  </properties>
  <testcase name="testRealizarTransferencia_Boolean_ReturnSuccess" classname="DAOS.TransferenciaDAOTest" time="1.614">
    <system-out><![CDATA[testRealizarTransferencia()
]]></system-out>
    <system-err><![CDATA[Mockito is currently self-attaching to enable the inline-mock-maker. This will no longer work in future releases of the JDK. Please add Mockito as an agent to your build what is described in Mockito's documentation: https://javadoc.io/doc/org.mockito/mockito-core/latest/org/mockito/Mockito.html#0.3
WARNING: A Java agent has been loaded dynamically (C:\Users\Dell\.m2\repository\net\bytebuddy\byte-buddy-agent\1.15.4\byte-buddy-agent-1.15.4.jar)
WARNING: If a serviceability tool is in use, please run with -XX:+EnableDynamicAgentLoading to hide this warning
WARNING: If a serviceability tool is not in use, please run with -Djdk.instrument.traceUsage for more information
WARNING: Dynamic loading of agents will be disallowed by default in a future release
]]></system-err>
  </testcase>
</testsuite>